# Logfile created on 2014-01-09 16:09:37 -0500 by logger.rb/44203
I, [2014-01-09T16:09:37.232809 #21828]  INFO -- : 0:  rack (1.5.2) from /Users/knickman/.rvm/gems/ruby-2.1.0/specifications/rack-1.5.2.gemspec
I, [2014-01-09T16:09:37.234375 #21828]  INFO -- : 0:  rack-protection (1.5.1) from /Users/knickman/.rvm/gems/ruby-2.1.0/specifications/rack-protection-1.5.1.gemspec
I, [2014-01-09T16:09:37.234668 #21828]  INFO -- : 0:  tilt (1.4.1) from /Users/knickman/.rvm/gems/ruby-2.1.0/specifications/tilt-1.4.1.gemspec
I, [2014-01-09T16:09:37.234943 #21828]  INFO -- : 0:  sinatra (1.4.4) from /Users/knickman/.rvm/gems/ruby-2.1.0/specifications/sinatra-1.4.4.gemspec
I, [2014-01-09T16:09:37.235205 #21828]  INFO -- : 0:  bundler (1.5.1) from /Users/knickman/.rvm/gems/ruby-2.1.0@global/specifications/bundler-1.5.1.gemspec
I, [2014-01-09T16:10:00.032006 #21845]  INFO -- : 0:  json (1.8.1) from /Users/knickman/.rvm/rubies/ruby-2.1.0/lib/ruby/gems/2.1.0/specifications/default/json-1.8.1.gemspec
I, [2014-01-09T16:10:00.032421 #21845]  INFO -- : 0:  rack (1.5.2) from /Users/knickman/.rvm/gems/ruby-2.1.0/specifications/rack-1.5.2.gemspec
I, [2014-01-09T16:10:00.032738 #21845]  INFO -- : 0:  rack-protection (1.5.1) from /Users/knickman/.rvm/gems/ruby-2.1.0/specifications/rack-protection-1.5.1.gemspec
I, [2014-01-09T16:10:00.033015 #21845]  INFO -- : 0:  tilt (1.4.1) from /Users/knickman/.rvm/gems/ruby-2.1.0/specifications/tilt-1.4.1.gemspec
I, [2014-01-09T16:10:00.033291 #21845]  INFO -- : 0:  sinatra (1.4.4) from /Users/knickman/.rvm/gems/ruby-2.1.0/specifications/sinatra-1.4.4.gemspec
I, [2014-01-09T16:10:00.033541 #21845]  INFO -- : 0:  bundler (1.5.1) from /Users/knickman/.rvm/gems/ruby-2.1.0@global/specifications/bundler-1.5.1.gemspec
I, [2014-01-09T16:10:21.679627 #21855]  INFO -- : 0:  json (1.8.1) from /Users/knickman/.rvm/rubies/ruby-2.1.0/lib/ruby/gems/2.1.0/specifications/default/json-1.8.1.gemspec
I, [2014-01-09T16:10:21.680041 #21855]  INFO -- : 0:  mime-types (2.0) from /Users/knickman/.rvm/gems/ruby-2.1.0/specifications/mime-types-2.0.gemspec
I, [2014-01-09T16:10:21.680326 #21855]  INFO -- : 0:  rack (1.5.2) from /Users/knickman/.rvm/gems/ruby-2.1.0/specifications/rack-1.5.2.gemspec
I, [2014-01-09T16:10:21.680611 #21855]  INFO -- : 0:  rack-protection (1.5.1) from /Users/knickman/.rvm/gems/ruby-2.1.0/specifications/rack-protection-1.5.1.gemspec
I, [2014-01-09T16:10:21.680912 #21855]  INFO -- : 0:  rest-client (1.6.7) from /Users/knickman/.rvm/gems/ruby-2.1.0/specifications/rest-client-1.6.7.gemspec
I, [2014-01-09T16:10:21.681179 #21855]  INFO -- : 0:  tilt (1.4.1) from /Users/knickman/.rvm/gems/ruby-2.1.0/specifications/tilt-1.4.1.gemspec
I, [2014-01-09T16:10:21.681460 #21855]  INFO -- : 0:  sinatra (1.4.4) from /Users/knickman/.rvm/gems/ruby-2.1.0/specifications/sinatra-1.4.4.gemspec
I, [2014-01-09T16:10:21.681826 #21855]  INFO -- : 0:  bundler (1.5.1) from /Users/knickman/.rvm/gems/ruby-2.1.0@global/specifications/bundler-1.5.1.gemspec
I, [2014-01-09T16:38:36.160157 #26095]  INFO -- : 0:  json (1.8.1) from /Users/knickman/.rvm/rubies/ruby-2.1.0/lib/ruby/gems/2.1.0/specifications/default/json-1.8.1.gemspec
I, [2014-01-09T16:38:36.161457 #26095]  INFO -- : 0:  mime-types (2.0) from /Users/knickman/.rvm/gems/ruby-2.1.0/specifications/mime-types-2.0.gemspec
I, [2014-01-09T16:38:36.161784 #26095]  INFO -- : 0:  rack (1.5.2) from /Users/knickman/.rvm/gems/ruby-2.1.0/specifications/rack-1.5.2.gemspec
I, [2014-01-09T16:38:36.162101 #26095]  INFO -- : 0:  rack-protection (1.5.1) from /Users/knickman/.rvm/gems/ruby-2.1.0/specifications/rack-protection-1.5.1.gemspec
I, [2014-01-09T16:38:36.162444 #26095]  INFO -- : 0:  rest-client (1.6.7) from /Users/knickman/.rvm/gems/ruby-2.1.0/specifications/rest-client-1.6.7.gemspec
I, [2014-01-09T16:38:36.162761 #26095]  INFO -- : 0:  tilt (1.4.1) from /Users/knickman/.rvm/gems/ruby-2.1.0/specifications/tilt-1.4.1.gemspec
I, [2014-01-09T16:38:36.163070 #26095]  INFO -- : 0:  sinatra (1.4.4) from /Users/knickman/.rvm/gems/ruby-2.1.0/specifications/sinatra-1.4.4.gemspec
I, [2014-01-09T16:38:36.165667 #26095]  INFO -- : 0:  bundler (1.5.1) from /Users/knickman/.rvm/gems/ruby-2.1.0@global/specifications/bundler-1.5.1.gemspec
